<?xml version="1.0" encoding="UTF-8"?>
<!-- Generated by org.testng.reporters.JUnitXMLReporter -->
<testsuite hostname="ATMECSINLT-087" ignored="0" name="Test" tests="4" failures="0" timestamp="10 Oct 2019 15:09:32 GMT" time="22.609" errors="0">
  <testcase name="searchBoxWithoutSearchOption" time="2.685" classname="com.atmecs.konakartautomation.testscripts.ComuterPeripheralsFunctionality"/>
  <testcase name="searchBoxWithSearchOption" time="3.183" classname="com.atmecs.konakartautomation.testscripts.ComuterPeripheralsFunctionality"/>
  <testcase name="productDetailsVerify" time="0.337" classname="com.atmecs.konakartautomation.testscripts.ComuterPeripheralsFunctionality"/>
  <testcase name="productDetailsVerify" time="0.202" classname="com.atmecs.konakartautomation.testscripts.ComuterPeripheralsFunctionality"/>
</testsuite> <!-- Test -->
