<?xml version="1.0" encoding="UTF-8"?>
<testng-results skipped="0" failed="1" ignored="0" total="1" passed="0">
  <reporter-output>
    <line>
      <![CDATA[Page is redirecting to proper web page]]>
    </line>
    <line>
      <![CDATA[Product title validate successfully]]>
    </line>
    <line>
      <![CDATA[Product price validate successfully]]>
    </line>
  </reporter-output>
  <suite name="Suite" duration-ms="0" started-at="2019-11-02T06:28:38Z" finished-at="2019-11-02T06:28:38Z">
    <groups>
    </groups>
  </suite> <!-- Suite -->
  <suite name="Suite (0)" duration-ms="35710" started-at="2019-11-02T06:28:02Z" finished-at="2019-11-02T06:28:38Z">
    <groups>
    </groups>
    <test name="Test" duration-ms="35710" started-at="2019-11-02T06:28:02Z" finished-at="2019-11-02T06:28:38Z">
      <class name="com.atmecs.konakartautomation.testscripts.HomePageSearchBoxFunctionality">
        <test-method status="PASS" signature="intitailizeBrowser()[pri:0, instance:com.atmecs.konakartautomation.testscripts.HomePageSearchBoxFunctionality@f6c48ac]" name="intitailizeBrowser" is-config="true" duration-ms="26001" started-at="2019-11-02T06:28:02Z" finished-at="2019-11-02T06:28:28Z">
          <reporter-output>
          </reporter-output>
        </test-method> <!-- intitailizeBrowser -->
        <test-method status="FAIL" signature="searchBox([Ljava.lang.String;)[pri:1, instance:com.atmecs.konakartautomation.testscripts.HomePageSearchBoxFunctionality@f6c48ac]" name="searchBox" duration-ms="6463" started-at="2019-11-02T06:28:30Z" data-provider="searchbox" finished-at="2019-11-02T06:28:36Z">
          <params>
            <param index="0">
              <value>
                <![CDATA[[Ljava.lang.String;@65698020]]>
              </value>
            </param>
          </params>
          <exception class="org.openqa.selenium.NoSuchElementException">
            <message>
              <![CDATA[no such element: Unable to locate element: {"method":"xpath","selector":"//div[@class='item']"}
  (Session info: chrome=78.0.3904.70)
For documentation on this error, please visit: https://www.seleniumhq.org/exceptions/no_such_element.html
Build info: version: '3.141.59', revision: 'e82be7d358', time: '2018-11-14T08:17:03'
System info: host: 'ATMECSINLT-087', ip: '192.168.1.6', os.name: 'Windows 10', os.arch: 'amd64', os.version: '10.0', java.version: '1.8.0_221'
Driver info: org.openqa.selenium.chrome.ChromeDriver
Capabilities {acceptInsecureCerts: false, browserName: chrome, browserVersion: 78.0.3904.70, chrome: {chromedriverVersion: 78.0.3904.70 (edb9c9f3de024..., userDataDir: C:\Users\ARJUN~1.SAN\AppDat...}, goog:chromeOptions: {debuggerAddress: localhost:53511}, javascriptEnabled: true, networkConnectionEnabled: false, pageLoadStrategy: normal, platform: XP, platformName: XP, proxy: Proxy(), setWindowRect: true, strictFileInteractability: false, timeouts: {implicit: 0, pageLoad: 300000, script: 30000}, unhandledPromptBehavior: dismiss and notify}
Session ID: 922347a6a264fac977685d9a5b3fba2a
*** Element info: {Using=xpath, value=//div[@class='item']}]]>
            </message>
            <full-stacktrace>
              <![CDATA[org.openqa.selenium.NoSuchElementException: no such element: Unable to locate element: {"method":"xpath","selector":"//div[@class='item']"}
  (Session info: chrome=78.0.3904.70)
For documentation on this error, please visit: https://www.seleniumhq.org/exceptions/no_such_element.html
Build info: version: '3.141.59', revision: 'e82be7d358', time: '2018-11-14T08:17:03'
System info: host: 'ATMECSINLT-087', ip: '192.168.1.6', os.name: 'Windows 10', os.arch: 'amd64', os.version: '10.0', java.version: '1.8.0_221'
Driver info: org.openqa.selenium.chrome.ChromeDriver
Capabilities {acceptInsecureCerts: false, browserName: chrome, browserVersion: 78.0.3904.70, chrome: {chromedriverVersion: 78.0.3904.70 (edb9c9f3de024..., userDataDir: C:\Users\ARJUN~1.SAN\AppDat...}, goog:chromeOptions: {debuggerAddress: localhost:53511}, javascriptEnabled: true, networkConnectionEnabled: false, pageLoadStrategy: normal, platform: XP, platformName: XP, proxy: Proxy(), setWindowRect: true, strictFileInteractability: false, timeouts: {implicit: 0, pageLoad: 300000, script: 30000}, unhandledPromptBehavior: dismiss and notify}
Session ID: 922347a6a264fac977685d9a5b3fba2a
*** Element info: {Using=xpath, value=//div[@class='item']}
at sun.reflect.NativeConstructorAccessorImpl.newInstance0(Native Method)
at sun.reflect.NativeConstructorAccessorImpl.newInstance(NativeConstructorAccessorImpl.java:62)
at sun.reflect.DelegatingConstructorAccessorImpl.newInstance(DelegatingConstructorAccessorImpl.java:45)
at java.lang.reflect.Constructor.newInstance(Constructor.java:423)
at org.openqa.selenium.remote.http.W3CHttpResponseCodec.createException(W3CHttpResponseCodec.java:187)
at org.openqa.selenium.remote.http.W3CHttpResponseCodec.decode(W3CHttpResponseCodec.java:122)
at org.openqa.selenium.remote.http.W3CHttpResponseCodec.decode(W3CHttpResponseCodec.java:49)
at org.openqa.selenium.remote.HttpCommandExecutor.execute(HttpCommandExecutor.java:158)
at org.openqa.selenium.remote.service.DriverCommandExecutor.execute(DriverCommandExecutor.java:83)
at org.openqa.selenium.remote.RemoteWebDriver.execute(RemoteWebDriver.java:552)
at org.openqa.selenium.remote.RemoteWebDriver.findElement(RemoteWebDriver.java:323)
at org.openqa.selenium.remote.RemoteWebDriver.findElementByXPath(RemoteWebDriver.java:428)
at org.openqa.selenium.By$ByXPath.findElement(By.java:353)
at org.openqa.selenium.remote.RemoteWebDriver.findElement(RemoteWebDriver.java:315)
at com.atmecs.konakartautomation.helpers.CommonUtility.action(CommonUtility.java:245)
at com.atmecs.konakartautomation.pages.SearchBoxFunction.validateProduct(SearchBoxFunction.java:56)
at com.atmecs.konakartautomation.testscripts.HomePageSearchBoxFunctionality.searchBox(HomePageSearchBoxFunctionality.java:22)
at sun.reflect.NativeMethodAccessorImpl.invoke0(Native Method)
at sun.reflect.NativeMethodAccessorImpl.invoke(NativeMethodAccessorImpl.java:62)
at sun.reflect.DelegatingMethodAccessorImpl.invoke(DelegatingMethodAccessorImpl.java:43)
at java.lang.reflect.Method.invoke(Method.java:498)
at org.testng.internal.MethodInvocationHelper.invokeMethod(MethodInvocationHelper.java:124)
at org.testng.internal.Invoker.invokeMethod(Invoker.java:583)
at org.testng.internal.Invoker.invokeTestMethod(Invoker.java:719)
at org.testng.internal.Invoker.invokeTestMethods(Invoker.java:989)
at org.testng.internal.TestMethodWorker.invokeTestMethods(TestMethodWorker.java:125)
at org.testng.internal.TestMethodWorker.run(TestMethodWorker.java:109)
at org.testng.TestRunner.privateRun(TestRunner.java:648)
at org.testng.TestRunner.run(TestRunner.java:505)
at org.testng.SuiteRunner.runTest(SuiteRunner.java:455)
at org.testng.SuiteRunner.runSequentially(SuiteRunner.java:450)
at org.testng.SuiteRunner.privateRun(SuiteRunner.java:415)
at org.testng.SuiteRunner.run(SuiteRunner.java:364)
at org.testng.SuiteRunnerWorker.runSuite(SuiteRunnerWorker.java:52)
at org.testng.SuiteRunnerWorker.run(SuiteRunnerWorker.java:84)
at org.testng.TestNG.runSuitesSequentially(TestNG.java:1208)
at org.testng.TestNG.runSuitesSequentially(TestNG.java:1204)
at org.testng.TestNG.runSuitesLocally(TestNG.java:1137)
at org.testng.TestNG.runSuites(TestNG.java:1049)
at org.testng.TestNG.run(TestNG.java:1017)
at org.testng.remote.AbstractRemoteTestNG.run(AbstractRemoteTestNG.java:115)
at org.testng.remote.RemoteTestNG.initAndRun(RemoteTestNG.java:251)
at org.testng.remote.RemoteTestNG.main(RemoteTestNG.java:77)
]]>
            </full-stacktrace>
          </exception> <!-- org.openqa.selenium.NoSuchElementException -->
          <reporter-output>
            <line>
              <![CDATA[Page is redirecting to proper web page]]>
            </line>
            <line>
              <![CDATA[Product title validate successfully]]>
            </line>
            <line>
              <![CDATA[Product price validate successfully]]>
            </line>
          </reporter-output>
        </test-method> <!-- searchBox -->
        <test-method status="PASS" signature="closeDriver()[pri:0, instance:com.atmecs.konakartautomation.testscripts.HomePageSearchBoxFunctionality@f6c48ac]" name="closeDriver" is-config="true" duration-ms="1506" started-at="2019-11-02T06:28:36Z" finished-at="2019-11-02T06:28:38Z">
          <reporter-output>
          </reporter-output>
        </test-method> <!-- closeDriver -->
      </class> <!-- com.atmecs.konakartautomation.testscripts.HomePageSearchBoxFunctionality -->
    </test> <!-- Test -->
  </suite> <!-- Suite (0) -->
</testng-results>
