<?xml version="1.0" encoding="UTF-8"?>
<!-- Generated by org.testng.reporters.JUnitXMLReporter -->
<testsuite hostname="ATMECSINLT-087" ignored="0" name="Test" tests="5" failures="0" timestamp="10 Oct 2019 15:09:10 GMT" time="53.217" errors="0">
  <testcase name="heroImageSelect" time="4.489" classname="com.atmecs.konakartautomation.testscripts.HeroImageFunctionality"/>
  <testcase name="heroImgContent" time="0.835" classname="com.atmecs.konakartautomation.testscripts.HeroImageFunctionality"/>
  <testcase name="heroImgContent" time="0.028" classname="com.atmecs.konakartautomation.testscripts.HeroImageFunctionality"/>
  <testcase name="heroImgSortingDateFunctionality" time="14.647" classname="com.atmecs.konakartautomation.testscripts.HeroImageFunctionality"/>
  <testcase name="heroImgSortingRatingFunctionality" time="15.759" classname="com.atmecs.konakartautomation.testscripts.HeroImageFunctionality"/>
</testsuite> <!-- Test -->
