<?xml version="1.0" encoding="UTF-8"?>
<!-- Generated by org.testng.reporters.JUnitXMLReporter -->
<testsuite hostname="ATMECSINLT-087" ignored="0" name="Test" tests="4" failures="0" timestamp="10 Oct 2019 15:10:18 GMT" time="45.239" errors="0">
  <testcase name="priceSlideBar" time="8.997" classname="com.atmecs.konakartautomation.testscripts.PriceSlideBarFunctionality"/>
  <testcase name="priceSlideBar" time="7.173" classname="com.atmecs.konakartautomation.testscripts.PriceSlideBarFunctionality"/>
  <testcase name="priceSlideBar" time="6.639" classname="com.atmecs.konakartautomation.testscripts.PriceSlideBarFunctionality"/>
  <testcase name="priceSlideBar" time="6.538" classname="com.atmecs.konakartautomation.testscripts.PriceSlideBarFunctionality"/>
</testsuite> <!-- Test -->
